TN:
SF:src\services\constructorSlice.ts
FN:17,(anonymous_0)
FN:20,(anonymous_1)
FN:36,(anonymous_2)
FN:40,(anonymous_3)
FN:43,(anonymous_4)
FNF:5
FNH:4
FNDA:0,(anonymous_0)
FNDA:2,(anonymous_1)
FNDA:2,(anonymous_2)
FNDA:1,(anonymous_3)
FNDA:4,(anonymous_4)
DA:8,2
DA:13,2
DA:18,0
DA:21,2
DA:23,1
DA:25,1
DA:26,1
DA:33,1
DA:37,2
DA:38,2
DA:41,1
DA:47,4
DA:48,4
DA:55,3
DA:57,1
DA:58,1
DA:69,2
LF:17
LH:16
BRDA:21,0,0,1
BRDA:21,0,1,1
BRDA:48,1,0,3
BRDA:48,1,1,1
BRDA:49,2,0,4
BRDA:49,2,1,3
BRDA:49,2,2,2
BRDA:49,2,3,2
BRDA:49,2,4,2
BRF:9
BRH:9
end_of_record
TN:
SF:src\services\feedSlice.ts
FN:26,(anonymous_0)
FN:32,(anonymous_1)
FN:35,(anonymous_2)
FN:41,(anonymous_3)
FN:41,(anonymous_4)
FNF:5
FNH:5
FNDA:2,(anonymous_0)
FNDA:3,(anonymous_1)
FNDA:3,(anonymous_2)
FNDA:2,(anonymous_3)
FNDA:2,(anonymous_4)
DA:14,1
DA:22,1
DA:27,2
DA:28,2
DA:29,2
DA:30,2
DA:33,3
DA:36,3
DA:41,2
DA:42,2
DA:43,2
DA:44,2
DA:45,1
DA:47,1
DA:49,2
DA:53,1
LF:16
LH:16
BRF:0
BRH:0
end_of_record
TN:
SF:src\services\ingredientDetailsSlice.ts
FN:16,(anonymous_0)
FN:19,(anonymous_1)
FNF:2
FNH:2
FNDA:1,(anonymous_0)
FNDA:1,(anonymous_1)
DA:8,1
DA:12,1
DA:17,1
DA:20,1
DA:26,1
LF:5
LH:5
BRF:0
BRH:0
end_of_record
TN:
SF:src\services\ingredientsSlice.ts
FN:20,(anonymous_0)
FN:24,(anonymous_1)
FN:27,(anonymous_2)
FN:33,(anonymous_3)
FN:33,(anonymous_4)
FNF:5
FNH:5
FNDA:2,(anonymous_0)
FNDA:3,(anonymous_1)
FNDA:2,(anonymous_2)
FNDA:2,(anonymous_3)
FNDA:2,(anonymous_4)
DA:11,1
DA:16,1
DA:21,2
DA:22,2
DA:25,3
DA:28,2
DA:33,2
DA:34,2
DA:35,2
DA:36,2
DA:37,1
DA:39,1
DA:43,1
LF:13
LH:13
BRF:0
BRH:0
end_of_record
TN:
SF:src\services\orderSlice.ts
FN:21,(anonymous_0)
FN:24,(anonymous_1)
FN:27,(anonymous_2)
FN:30,(anonymous_3)
FN:37,(anonymous_4)
FN:37,(anonymous_5)
FNF:6
FNH:6
FNDA:2,(anonymous_0)
FNDA:3,(anonymous_1)
FNDA:3,(anonymous_2)
FNDA:1,(anonymous_3)
FNDA:2,(anonymous_4)
FNDA:2,(anonymous_5)
DA:12,1
DA:17,1
DA:22,2
DA:25,3
DA:28,3
DA:31,1
DA:37,2
DA:38,2
DA:39,2
DA:40,2
DA:41,1
DA:43,1
DA:45,1
DA:47,2
DA:51,1
LF:15
LH:15
BRF:0
BRH:0
end_of_record
